<?xml version="1.0" encoding="UTF-8"?>
<!-- Generated by org.testng.reporters.JUnitReportReporter -->
<testsuite hostname="DESKTOP-BM24KA3" failures="0" tests="1" name="SeleniumFramework.test.OrangeHRMTest" time="38.128" errors="0" timestamp="2024-04-24T14:58:42 IST" skipped="0">
  <testcase classname="SeleniumFramework.test.OrangeHRMTest" name="addNewEMP" time="38.128"/>
  <system-out/>
</testsuite> <!-- SeleniumFramework.test.OrangeHRMTest -->
