<?xml version="1.0" encoding="UTF-8"?>
<!-- Generated by org.testng.reporters.JUnitReportReporter -->
<testsuite hostname="DESKTOP-BM24KA3" failures="0" tests="5" name="SeleniumFramework.test.OrangeHRMTest" time="162.844" errors="0" timestamp="2024-04-23T18:29:21 IST" skipped="0">
  <testcase classname="SeleniumFramework.test.OrangeHRMTest" name="CheckLoginCredentials" time="11.741"/>
  <system-out/>
  <testcase classname="SeleniumFramework.test.OrangeHRMTest" name="addNewEMP" time="35.922"/>
  <system-out/>
  <testcase classname="SeleniumFramework.test.OrangeHRMTest" name="VerifyEditEmployeeDetails" time="49.717"/>
  <system-out/>
  <testcase classname="SeleniumFramework.test.OrangeHRMTest" name="VerifyTerminateEmp" time="39.642"/>
  <system-out/>
  <testcase classname="SeleniumFramework.test.OrangeHRMTest" name="verifyEmployeeLogout" time="25.822"/>
  <system-out/>
</testsuite> <!-- SeleniumFramework.test.OrangeHRMTest -->
