<?xml version="1.0" encoding="UTF-8"?>
<!-- Generated by org.testng.reporters.JUnitReportReporter -->
<testsuite hostname="DESKTOP-BM24KA3" failures="0" tests="1" name="SeleniumFramework.test.OrangeHRMTest" time="44.434" errors="0" timestamp="2024-04-16T14:43:35 IST" skipped="0">
  <testcase classname="SeleniumFramework.test.OrangeHRMTest" name="addNewEMP" time="44.434"/>
  <system-out/>
</testsuite> <!-- SeleniumFramework.test.OrangeHRMTest -->
