<?xml version="1.0" encoding="UTF-8"?>
<!-- Generated by org.testng.reporters.JUnitReportReporter -->
<testsuite hostname="DESKTOP-BM24KA3" failures="0" tests="2" name="SeleniumFramework.test.ErrorValidationTest" time="30.763" errors="0" timestamp="2024-04-23T18:30:53 IST" skipped="0">
  <testcase classname="SeleniumFramework.test.ErrorValidationTest" name="CheckLoginCredentials" time="15.735"/>
  <system-out/>
  <testcase classname="SeleniumFramework.test.ErrorValidationTest" name="VerifyEditEmployeeDetails" time="15.028"/>
  <system-out/>
</testsuite> <!-- SeleniumFramework.test.ErrorValidationTest -->
