<?xml version="1.0" encoding="UTF-8"?>
<!-- Generated by org.testng.reporters.JUnitReportReporter -->
<testsuite hostname="DESKTOP-BM24KA3" failures="0" tests="2" name="SeleniumFramework.test.ErrorValidationTest" time="35.706" errors="0" timestamp="2024-04-24T13:25:33 IST" skipped="0">
  <testcase classname="SeleniumFramework.test.ErrorValidationTest" name="CheckLoginCredentials" time="13.821"/>
  <system-out/>
  <testcase classname="SeleniumFramework.test.ErrorValidationTest" name="VerifyEditEmployeeDetails" time="21.885"/>
  <system-out/>
</testsuite> <!-- SeleniumFramework.test.ErrorValidationTest -->
